<?xml version="1.0" encoding="UTF-8"?>
<!-- Generated by org.testng.reporters.JUnitReportReporter -->
<testsuite hostname="DESKTOP-2KUU07L" failures="0" tests="2" name="com.example.LearningSel.AppVWOFirstProject" time="73.766" errors="0" timestamp="2024-01-13T17:41:10 IST" skipped="0">
  <testcase classname="com.example.LearningSel.AppVWOFirstProject" name="invalidLogin" time="23.610"/>
  <system-out/>
  <testcase classname="com.example.LearningSel.AppVWOFirstProject" name="validLogin" time="50.156"/>
  <system-out/>
</testsuite> <!-- com.example.LearningSel.AppVWOFirstProject -->
