<?xml version="1.0" encoding="UTF-8"?>
<!-- Generated by org.testng.reporters.JUnitReportReporter -->
<testsuite hostname="LIKHITHA-LAPTOP" failures="0" tests="2" name="in.vtech.swagLabsFramework.testcases.CheckoutTest" time="17.863" errors="0" timestamp="2024-08-13T12:22:39 IST" skipped="0">
  <testcase classname="in.vtech.swagLabsFramework.testcases.CheckoutTest" name="validateHomePageTitle" time="8.987"/>
  <system-out/>
  <testcase classname="in.vtech.swagLabsFramework.testcases.CheckoutTest" name="validateInventoryPageHeaderTextIsDisplayed" time="8.876"/>
  <system-out/>
</testsuite> <!-- in.vtech.swagLabsFramework.testcases.CheckoutTest -->
