<?xml version="1.0" encoding="UTF-8"?>
<!-- Generated by org.testng.reporters.JUnitReportReporter -->
<testsuite hostname="LIKHITHA-LAPTOP" failures="0" tests="1" name="in.vtech.swagLabsFramework.testcases.LogoutTest" time="2.765" errors="0" timestamp="2024-08-13T12:22:39 IST" skipped="0">
  <testcase classname="in.vtech.swagLabsFramework.testcases.LogoutTest" name="validateHomePageTitle" time="2.765"/>
  <system-out/>
</testsuite> <!-- in.vtech.swagLabsFramework.testcases.LogoutTest -->
