<?xml version="1.0" encoding="UTF-8"?>
<!-- Generated by org.testng.reporters.JUnitReportReporter -->
<testsuite hostname="LIKHITHA-LAPTOP" failures="0" tests="1" name="in.vtech.swagLabsFramework.testcases.LoginTest" time="2.887" errors="0" timestamp="2024-08-13T12:22:39 IST" skipped="0">
  <testcase classname="in.vtech.swagLabsFramework.testcases.LoginTest" name="UserLoginPage" time="2.887"/>
  <system-out/>
</testsuite> <!-- in.vtech.swagLabsFramework.testcases.LoginTest -->
