<?xml version="1.0" encoding="UTF-8"?>
<!-- Generated by org.testng.reporters.JUnitReportReporter -->
<testsuite hostname="LIKHITHA-LAPTOP" failures="0" tests="2" name="in.vtech.swagLabsFramework.testcases.HomePageTest" time="5.283" errors="0" timestamp="2024-08-13T12:22:39 IST" skipped="0">
  <testcase classname="in.vtech.swagLabsFramework.testcases.HomePageTest" name="validateHomePageTitle" time="3.272"/>
  <system-out/>
  <testcase classname="in.vtech.swagLabsFramework.testcases.HomePageTest" name="validateHomePageHeaderTextIsDisplayed" time="2.011"/>
  <system-out/>
</testsuite> <!-- in.vtech.swagLabsFramework.testcases.HomePageTest -->
