<?xml version="1.0" encoding="UTF-8"?>
<!-- Generated by org.testng.reporters.JUnitReportReporter -->
<testsuite hostname="LIKHITHA-LAPTOP" failures="0" tests="2" name="in.vtech.swagLabsFramework.testcases.AddToCartTest" time="14.434" errors="0" timestamp="2024-08-13T12:22:39 IST" skipped="0">
  <testcase classname="in.vtech.swagLabsFramework.testcases.AddToCartTest" name="userShoppingCart" time="10.127"/>
  <system-out/>
  <testcase classname="in.vtech.swagLabsFramework.testcases.AddToCartTest" name="UserAddtoCart" time="4.307"/>
  <system-out/>
</testsuite> <!-- in.vtech.swagLabsFramework.testcases.AddToCartTest -->
