<?xml version="1.0" encoding="UTF-8"?>
<!-- Generated by org.testng.reporters.JUnitReportReporter -->
<testsuite hostname="LIKHITHA-LAPTOP" failures="0" tests="2" name="in.vtech.swagLabsFramework.testcases.ProductDetailTest" time="7.077" errors="0" timestamp="2024-08-13T12:22:39 IST" skipped="0">
  <testcase classname="in.vtech.swagLabsFramework.testcases.ProductDetailTest" name="ProductImage" time="3.446"/>
  <system-out/>
  <testcase classname="in.vtech.swagLabsFramework.testcases.ProductDetailTest" name="productDetail" time="3.631"/>
  <system-out/>
</testsuite> <!-- in.vtech.swagLabsFramework.testcases.ProductDetailTest -->
